<?xml version="1.0" encoding="UTF-8"?>
<!-- Generated by org.testng.reporters.JUnitReportReporter -->
<testsuite hostname="Akshay" failures="0" tests="2" name="com.tests.HomeTest" time="5.262" errors="0" timestamp="2024-11-21T13:08:33 CST" skipped="0">
  <testcase classname="com.tests.HomeTest" name="verifyMainHeadingTest" time="2.441"/>
  <testcase classname="com.tests.HomeTest" name="verifyMainSubHeadingTest" time="2.821"/>
</testsuite> <!-- com.tests.HomeTest -->
