<?xml version="1.0" encoding="UTF-8"?>
<!-- Generated by org.testng.reporters.JUnitReportReporter -->
<testsuite hostname="Akshay" failures="0" tests="2" name="com.tests.LoginTest" time="4.889" errors="0" timestamp="2024-11-21T13:08:33 CST" skipped="0">
  <testcase classname="com.tests.LoginTest" name="verifyLoginTest" time="2.506"/>
  <testcase classname="com.tests.LoginTest" name="verifyAlertMessageLoginTest" time="2.383"/>
</testsuite> <!-- com.tests.LoginTest -->
