<?xml version="1.0" encoding="UTF-8"?>
<!-- Generated by org.testng.reporters.JUnitReportReporter -->
<testsuite hostname="Akshay" failures="0" tests="2" name="com.tests.HomeTestSD" time="4.945" errors="0" timestamp="2024-11-23T12:03:48 CST" skipped="0">
  <testcase classname="com.tests.HomeTestSD" name="verifyMainHeadingTest" time="2.697"/>
  <testcase classname="com.tests.HomeTestSD" name="verifyMainSubHeadingTest" time="2.248"/>
</testsuite> <!-- com.tests.HomeTestSD -->
