<?xml version="1.0" encoding="UTF-8"?>
<!-- Generated by org.testng.reporters.JUnitReportReporter -->
<testsuite hostname="Akshay" failures="0" tests="1" name="com.tests.LoginTestSD" time="3.231" errors="0" timestamp="2024-11-21T17:07:56 CST" skipped="0">
  <testcase classname="com.tests.LoginTestSD" name="verifyAlertMessageLoginTest" time="3.231"/>
</testsuite> <!-- com.tests.LoginTestSD -->
