<?xml version="1.0" encoding="UTF-8"?>
<!-- Generated by org.testng.reporters.JUnitReportReporter -->
<testsuite hostname="Akshay" failures="0" tests="2" name="com.tests.HomeTestSD" time="6.211" errors="0" timestamp="2024-11-21T17:36:28 CST" skipped="0">
  <testcase classname="com.tests.HomeTestSD" name="verifyMainHeadingTest" time="3.189"/>
  <testcase classname="com.tests.HomeTestSD" name="verifyMainSubHeadingTest" time="3.022"/>
</testsuite> <!-- com.tests.HomeTestSD -->
