<?xml version="1.0" encoding="UTF-8"?>
<!-- Generated by org.testng.reporters.JUnitReportReporter -->
<testsuite hostname="Akshay" failures="0" tests="1" name="com.tests.SwagLabsTest" time="3.077" errors="0" timestamp="2024-11-20T19:27:10 CST" skipped="0">
  <testcase classname="com.tests.SwagLabsTest" name="verifyMainSubHeading" time="3.077"/>
</testsuite> <!-- com.tests.SwagLabsTest -->
