<?xml version="1.0" encoding="UTF-8"?>
<!-- Generated by org.testng.reporters.JUnitReportReporter -->
<testsuite hostname="Akshay" failures="0" tests="2" name="com.tests.LoginTestSD" time="6.171" errors="0" timestamp="2024-11-23T12:04:52 CST" skipped="0">
  <testcase classname="com.tests.LoginTestSD" name="verifyLoginTest" time="3.767"/>
  <testcase classname="com.tests.LoginTestSD" name="verifyAlertMessageLoginTest" time="2.404"/>
</testsuite> <!-- com.tests.LoginTestSD -->
