<?xml version="1.0" encoding="UTF-8"?>
<!-- Generated by org.testng.reporters.JUnitReportReporter -->
<testsuite hostname="Akshay" failures="0" tests="2" name="com.tests.HomeTestSD" time="6.812" errors="0" timestamp="2024-11-23T12:04:52 CST" skipped="0">
  <testcase classname="com.tests.HomeTestSD" name="verifyMainHeadingTest" time="4.246"/>
  <testcase classname="com.tests.HomeTestSD" name="verifyMainSubHeadingTest" time="2.566"/>
</testsuite> <!-- com.tests.HomeTestSD -->
